<?xml version="1.0" encoding="UTF-8"?>
<!-- Generated by org.testng.reporters.JUnitReportReporter -->
<testsuite hostname="DESKTOP-BBH489I" failures="0" tests="1" name="Retailer_package.Amazon" time="48.428" errors="0" timestamp="2023-08-03T16:44:48 IST" skipped="0">
  <testcase classname="Retailer_package.Amazon" name="amazon_test" time="48.428"/>
  <system-out>
    <![CDATA[Opening amazon]]>
  </system-out>
</testsuite> <!-- Retailer_package.Amazon -->
