<?xml version="1.0" encoding="UTF-8"?>
<!-- Generated by org.testng.reporters.JUnitReportReporter -->
<testsuite hostname="kunal" failures="0" tests="1" name="Retailer_package.Flipcart" time="9.425" errors="0" timestamp="2023-08-03T16:02:19 IST" skipped="0">
  <testcase classname="Retailer_package.Flipcart" name="flipcart_test" time="9.425"/>
  <system-out>
    <![CDATA[Opening flipcart]]>
  </system-out>
</testsuite> <!-- Retailer_package.Flipcart -->
